Arguments: 
  C:\Program Files\nodejs\node.exe C:\Program Files (x86)\Yarn\bin\yarn.js add @primevue/datatable

PATH: 
  C:\Users\the46\AppData\Roaming\Code\User\globalStorage\pleiades.java-extension-pack-jdk\gradle\latest\bin;C:\Users\the46\AppData\Roaming\Code\User\globalStorage\pleiades.java-extension-pack-jdk\maven\latest\bin;C:\Users\the46\AppData\Roaming\Code\User\globalStorage\pleiades.java-extension-pack-jdk\java\21\bin;C:\Program Files\Common Files\Oracle\Java\javapath;C:\Program Files\dotnet\;C:\Program Files\OpenLogic\jdk-21.0.4.7-hotspot\bin;C:\Python311\Scripts\;C:\Python311\;C:\Program Files\Eclipse Adoptium\jdk-17.0.7.7-hotspot\bin;C:\Program Files\Oculus\Support\oculus-runtime;C:\Windows\system32;C:\Windows;C:\Windows\System32\Wbem;C:\Windows\System32\WindowsPowerShell\v1.0\;C:\Windows\System32\OpenSSH\;C:\Program Files (x86)\NVIDIA Corporation\PhysX\Common;C:\Program Files\NVIDIA Corporation\NVIDIA NvDLISR;C:\ProgramData\chocolatey\bin;C:\WINDOWS\system32;C:\WINDOWS;C:\WINDOWS\System32\Wbem;C:\WINDOWS\System32\WindowsPowerShell\v1.0\;C:\WINDOWS\System32\OpenSSH\;C:\Program Files (x86)\Yarn\bin\;C:\Program Files\PuTTY\;C:\Program Files\Docker\Docker\resources\bin;C:\Program Files\nodejs\;C:\Program Files\Microsoft SQL Server\150\Tools\Binn\;C:\Program Files\Microsoft SQL Server\Client SDK\ODBC\170\Tools\Binn\;C:\Program Files\Microsoft VS Code Insiders\bin;C:\Program Files\Git\cmd;D:\code\coldfusion\commandbox\;C:\Program Files\Devart\EntityDeveloper\Console;C:\Python312\Scripts\;C:\Python312\;C:\Program Files\dotnet;C:\Program Files\Java\jdk-17;C:\Users\the46\AppData\Local\Programs\Python\Python312\Scripts\;C:\Users\the46\AppData\Local\Programs\Python\Python312\;C:\Users\the46\.console-ninja\.bin;C:\Program Files\MySQL\MySQL Shell 8.0\bin\;C:\Users\the46\AppData\Local\Microsoft\WindowsApps;C:\Program Files\JetBrains\IntelliJ IDEA 2023.1.4\bin;C:\Program Files\JetBrains\IntelliJ IDEA Community Edition 2023.1.4\bin;C:\Users\the46\AppData\Local\GitHubDesktop\bin;C:\Users\the46\AppData\Local\Programs\Microsoft VS Code Insiders\bin;C:\Users\the46\AppData\Local\Yarn\bin;C:\Users\the46\AppData\Local\Programs\Microsoft VS Code\bin;D:\Program Files\nodejs;C:\Users\the46\AppData\Roaming\npm;C:\Program Files\JetBrains\IntelliJ IDEA 2024.1.4\bin;;C:\Users\the46\.dotnet\tools;C:\Program Files\JetBrains\JetBrains Rider 2024.1.5\bin;;C:\Program Files\JetBrains\WebStorm 2024.2\bin;;C:\Program Files\Java\jdk-17;d:\code\helm;C:\Program Files (x86)\Rico Suter\NSwagStudio\;C:\Program Files\Devart\EntityDeveloper\Console

Yarn version: 
  1.22.19

Node version: 
  20.12.2

Platform: 
  win32 x64

Trace: 
  Error: https://registry.yarnpkg.com/@primevue%2fdatatable: Not found
      at params.callback [as _callback] (C:\Program Files (x86)\Yarn\lib\cli.js:66145:18)
      at self.callback (C:\Program Files (x86)\Yarn\lib\cli.js:140890:22)
      at Request.emit (node:events:518:28)
      at Request.<anonymous> (C:\Program Files (x86)\Yarn\lib\cli.js:141862:10)
      at Request.emit (node:events:518:28)
      at IncomingMessage.<anonymous> (C:\Program Files (x86)\Yarn\lib\cli.js:141784:12)
      at Object.onceWrapper (node:events:632:28)
      at IncomingMessage.emit (node:events:530:35)
      at endReadableNT (node:internal/streams/readable:1696:12)
      at process.processTicksAndRejections (node:internal/process/task_queues:82:21)

npm manifest: 
  {
    "dependencies": {
      "@primevue/themes": "^4.2.1",
      "primevue": "^4.2.1"
    }
  }

yarn manifest: 
  No manifest

Lockfile: 
  # THIS IS AN AUTOGENERATED FILE. DO NOT EDIT THIS FILE DIRECTLY.
  # yarn lockfile v1
  
  
  "@primeuix/styled@^0.3.0":
    version "0.3.0"
    resolved "https://registry.yarnpkg.com/@primeuix/styled/-/styled-0.3.0.tgz#d48ca35b5a6129e465da9baedc2c721728ec646d"
    integrity sha512-XsLbmyM1u50A0EDATIHyqm5O/zOCSyNKPk4pNN8HFvEPehbsjf4tkXcRZAyaVvntSCLpV4XGAj7v5EDCQkBRlg==
    dependencies:
      "@primeuix/utils" "^0.3.0"
  
  "@primeuix/utils@^0.3.0":
    version "0.3.0"
    resolved "https://registry.yarnpkg.com/@primeuix/utils/-/utils-0.3.0.tgz#7e49c8bf6f97af7740902d51cdefd497ea13fdc0"
    integrity sha512-d6ymWez1n+iqwzAVhyOTmrOHl5qnSX2oGlTy97qGuA15gLai+MQaxONHFNdDia8Q7o396v7KK9IvhAx9VET/+A==
  
  "@primevue/core@4.2.1":
    version "4.2.1"
    resolved "https://registry.yarnpkg.com/@primevue/core/-/core-4.2.1.tgz#485325125da594406a45cd6253f93dbc13813a7f"
    integrity sha512-L81TZSZU8zRznIi2g6IWwlZ5wraaE8DrNUJyxieCRCTpbSF3rSlYmhDEuzal8PfE0RuvXpRsxqedTHxz5cdqPg==
    dependencies:
      "@primeuix/styled" "^0.3.0"
      "@primeuix/utils" "^0.3.0"
  
  "@primevue/icons@4.2.1":
    version "4.2.1"
    resolved "https://registry.yarnpkg.com/@primevue/icons/-/icons-4.2.1.tgz#b5ff7ca260a6003ed101b46fbfc10ec3f1b84105"
    integrity sha512-TOhxgkcmgBqmlHlf2x+gs4874iHopkow0gRAC5FztZTgTZQrqy8hPIA9b4O1lW7P6GOjGuVIwSH8y2lw6Q8koA==
    dependencies:
      "@primeuix/utils" "^0.3.0"
      "@primevue/core" "4.2.1"
  
  "@primevue/themes@^4.2.1":
    version "4.2.1"
    resolved "https://registry.yarnpkg.com/@primevue/themes/-/themes-4.2.1.tgz#c4f361202133e2f816ed49aa6b4ec3f97b6665eb"
    integrity sha512-byp4YejyVdrOpRRbq5vBtaDBFHUq7Wc0aGWwII1fliYbwQ+WXn/hCAYhaXwRrwweHpTiobiWWsS+PRLWJ7fBRw==
    dependencies:
      "@primeuix/styled" "^0.3.0"
  
  primevue@^4.2.1:
    version "4.2.1"
    resolved "https://registry.yarnpkg.com/primevue/-/primevue-4.2.1.tgz#31c206b60ea9fef4c3f069b49a92e8cce3ad0498"
    integrity sha512-cU9ZQVq9fitsQEIrfGeIl7xELBn61JCMxWkzcS9dkr165g29AvUrUNS9ufs1t2NoMJzE8VllwzweF/tSFAr2cw==
    dependencies:
      "@primeuix/styled" "^0.3.0"
      "@primeuix/utils" "^0.3.0"
      "@primevue/core" "4.2.1"
      "@primevue/icons" "4.2.1"
